https://www.reddit.com/r/tifu/comments/60o6am/tifu_by_making_a_clucking_noise_at_a_squirrel/
https://i.reddituploads.com/3904539d03014db692df7cb192cd396d?fit=max&h=1536&w=1536&s=33c95486fe59a3c8da47d1829ba29569
https://www.reddit.com/r/explainlikeimfive/comments/60mib5/eli5_why_is_it_important_not_to_fall_unconscious/
http://i.imgur.com/vH7yD23.gifv
https://i.redd.it/xieip2r7nxmy.png
https://i.redd.it/g539xorbowmy.jpg
https://i.redd.it/xieip2r7nxmy.png
http://imgur.com/iHRnzQf
https://i.redd.it/6qrl7v49zsmy.png
https://i.redd.it/p5wa4qopdtmy.jpg
https://i.redd.it/d20arj1sbvmy.jpg
https://imgur.com/gallery/zrbHlDH
https://www.reddit.com/r/linux_gaming/comments/622dg9/lgogdownloaderlgd_is_awesome/
https://www.reddit.com/r/linux_gaming/comments/61xp9x/feral_please_bring_us_nier_automata/
https://www.reddit.com/r/linux_gaming/comments/620sjs/scripted_switching_of_linuxwindows_gaming_vms/
https://www.reddit.com/r/linux_gaming/comments/6214om/wayland_gaming/
http://store.steampowered.com/app/219640/?snr=1_550_552&newsId=28406
https://i.redd.it/suigm2n9n1qy.jpg
http://imgur.com/cJhDQP9
https://www.reddit.com/r/Showerthoughts/comments/63wwku/without_mister_t_i_pity_the_fool_would_sound_like/
https://i.redd.it/jukoqnr7zzpy.png
https://www.reddit.com/r/tifu/comments/63xqt8/tifu_by_drinking_an_energy_drink_and_almost_dying/
https://i.redd.it/kv4q60tqytpy.jpg
https://i.redd.it/d8v46vgqh1qy.jpg
https://www.reddit.com/r/sex/comments/63tbb1/i_f16_masturbate_up_to_10_times_a_day_is_this/
https://www.reddit.com/r/sex/comments/63yf21/squirting_finally_squirted_wasnt_that_great/
https://www.reddit.com/r/sex/comments/63z62u/im20_cant_retract_foreskin_over_head_fully/